<?xml version="1.0" encoding="UTF-8"?>
<!-- Generated by org.testng.reporters.JUnitReportReporter -->
<testsuite skipped="0" hostname="Home-PC" name="oreilly.base.BaseClass" tests="1" failures="0" timestamp="2020-09-04T23:17:58 EEST" time="0.012" errors="0">
  <testcase name="setUp" time="0.012" classname="oreilly.base.BaseClass"/>
  <system-out/>
</testsuite> <!-- oreilly.base.BaseClass -->
